<?xml version="1.0" encoding="UTF-8"?>
<!-- Generated by org.testng.reporters.JUnitReportReporter -->
<testsuite hostname="DESKTOP-13I0GBB" failures="0" tests="1" name="com.Learning_testing.Learning_Pom_Classes" time="15.687" errors="0" timestamp="2024-02-03T11:43:04 IST" skipped="0">
  <testcase classname="com.Learning_testing.Learning_Pom_Classes" name="loginTest" time="15.687"/>
  <system-out/>
</testsuite> <!-- com.Learning_testing.Learning_Pom_Classes -->
