<?xml version="1.0" encoding="UTF-8"?>
<!-- Generated by org.testng.reporters.JUnitReportReporter -->
<testsuite hostname="DESKTOP-13I0GBB" failures="0" tests="1" name="com.Learning_testing.Learning_Properties_File" time="14.675" errors="0" timestamp="2024-01-28T11:24:13 IST" skipped="0">
  <testcase classname="com.Learning_testing.Learning_Properties_File" name="loginTest" time="14.675"/>
  <system-out/>
</testsuite> <!-- com.Learning_testing.Learning_Properties_File -->
