<?xml version="1.0" encoding="UTF-8"?>
<!-- Generated by org.testng.reporters.JUnitReportReporter -->
<testsuite hostname="DESKTOP-13I0GBB" failures="0" tests="1" name="com.Test_Scripts.TC001_Search_Test" time="8.573" errors="0" timestamp="2024-01-21T12:00:29 IST" skipped="0">
  <testcase classname="com.Test_Scripts.TC001_Search_Test" name="SearchText" time="8.573"/>
  <system-out/>
</testsuite> <!-- com.Test_Scripts.TC001_Search_Test -->
