<?xml version="1.0" encoding="UTF-8"?>
<!-- Generated by org.testng.reporters.JUnitReportReporter -->
<testsuite hostname="DESKTOP-13I0GBB" failures="0" tests="3" name="com.Learning_testing.Enable_Attribute" time="0.051" errors="0" timestamp="2024-01-20T13:23:40 IST" skipped="1">
  <testcase classname="com.Learning_testing.Enable_Attribute" name="loginText" time="0.035"/>
  <system-out>
    <![CDATA[Executing Login Test Case...]]>
  </system-out>
  <testcase classname="com.Learning_testing.Enable_Attribute" name="SearchText" time="0.016"/>
  <system-out>
    <![CDATA[Executing Search Test Case...]]>
  </system-out>
  <testcase classname="com.Learning_testing.Enable_Attribute" name="RegisterText">
    <skipped/>
  </testcase> <!-- RegisterText -->
  <system-out/>
</testsuite> <!-- com.Learning_testing.Enable_Attribute -->
