<?xml version="1.0" encoding="UTF-8"?>
<!-- Generated by org.testng.reporters.JUnitReportReporter -->
<testsuite hostname="DESKTOP-13I0GBB" failures="0" tests="5" name="com.Learning_testing.Invocaton_count" time="59.263" errors="0" timestamp="2024-01-20T13:44:36 IST" skipped="0">
  <testcase classname="com.Learning_testing.Invocaton_count" name="loginText" time="19.689"/>
  <system-out/>
  <testcase classname="com.Learning_testing.Invocaton_count" name="RegisterText" time="0.029"/>
  <system-out>
    <![CDATA[Executing Register Test Case...]]>
  </system-out>
  <testcase classname="com.Learning_testing.Invocaton_count" name="loginText" time="13.074"/>
  <system-out/>
  <testcase classname="com.Learning_testing.Invocaton_count" name="loginText" time="26.463"/>
  <system-out/>
  <testcase classname="com.Learning_testing.Invocaton_count" name="SearchText" time="0.008"/>
  <system-out>
    <![CDATA[Executing Search Test Case...]]>
  </system-out>
</testsuite> <!-- com.Learning_testing.Invocaton_count -->
