<?xml version="1.0" encoding="UTF-8"?>
<!-- Generated by org.testng.reporters.JUnitReportReporter -->
<testsuite hostname="DESKTOP-13I0GBB" failures="0" tests="1" name="com.Learning_testing.extentReports" time="98.707" errors="0" timestamp="2024-02-03T13:13:25 IST" skipped="0">
  <testcase classname="com.Learning_testing.extentReports" name="loginTest" time="98.707"/>
  <system-out/>
</testsuite> <!-- com.Learning_testing.extentReports -->
