<?xml version="1.0" encoding="UTF-8"?>
<!-- Generated by org.testng.reporters.JUnitReportReporter -->
<testsuite hostname="DESKTOP-13I0GBB" failures="0" tests="1" name="com.Test_Scripts.TC002_Add_To_Cart" time="11.054" errors="0" timestamp="2024-01-21T12:26:50 IST" skipped="0">
  <testcase classname="com.Test_Scripts.TC002_Add_To_Cart" name="addtocartTest" time="11.054"/>
  <system-out/>
</testsuite> <!-- com.Test_Scripts.TC002_Add_To_Cart -->
