<?xml version="1.0" encoding="UTF-8"?>
<!-- Generated by org.testng.reporters.JUnitReportReporter -->
<testsuite hostname="DESKTOP-13I0GBB" failures="0" tests="2" name="com.Learning_testing.Practice_Data_Provider" time="37.883" errors="0" timestamp="2024-01-27T23:47:39 IST" skipped="0">
  <testcase classname="com.Learning_testing.Practice_Data_Provider" name="loginTest" time="18.155"/>
  <system-out/>
  <testcase classname="com.Learning_testing.Practice_Data_Provider" name="loginTest" time="19.728"/>
  <system-out/>
</testsuite> <!-- com.Learning_testing.Practice_Data_Provider -->
