<?xml version="1.0" encoding="UTF-8"?>
<!-- Generated by org.testng.reporters.JUnitReportReporter -->
<testsuite hostname="DESKTOP-13I0GBB" failures="0" tests="3" name="com.Learning_testing.Learning_configration_annotation" time="0.075" errors="0" timestamp="2024-01-20T14:24:00 IST" skipped="0">
  <testcase classname="com.Learning_testing.Learning_configration_annotation" name="RegisterText" time="0.049"/>
  <system-out>
    <![CDATA[Executing Register Test Case...]]>
  </system-out>
  <testcase classname="com.Learning_testing.Learning_configration_annotation" name="loginText" time="0.016"/>
  <system-out>
    <![CDATA[Executing Login Test Case...]]>
  </system-out>
  <testcase classname="com.Learning_testing.Learning_configration_annotation" name="SearchText" time="0.010"/>
  <system-out>
    <![CDATA[Executing Search Test Case...]]>
  </system-out>
</testsuite> <!-- com.Learning_testing.Learning_configration_annotation -->
