<?xml version="1.0" encoding="UTF-8"?>
<!-- Generated by org.testng.reporters.JUnitReportReporter -->
<testsuite hostname="DESKTOP-13I0GBB" failures="0" tests="2" name="com.Test_Scripts.TC003_Remove_From_Cart" time="20.323" errors="0" timestamp="2024-01-26T16:28:55 IST" skipped="0">
  <testcase classname="com.Test_Scripts.TC003_Remove_From_Cart" name="addtocartTest" time="8.274"/>
  <system-out/>
  <testcase classname="com.Test_Scripts.TC003_Remove_From_Cart" name="removeFromCart" time="12.049"/>
  <system-out/>
</testsuite> <!-- com.Test_Scripts.TC003_Remove_From_Cart -->
