<?xml version="1.0" encoding="UTF-8"?>
<!-- Generated by org.testng.reporters.JUnitReportReporter -->
<testsuite hostname="DESKTOP-13I0GBB" failures="0" tests="3" name="com.Learning_testing.DependsOnMethods" time="0.040" errors="0" timestamp="2024-01-20T13:22:17 IST" skipped="0">
  <testcase classname="com.Learning_testing.DependsOnMethods" name="SearchText" time="0.006"/>
  <system-out>
    <![CDATA[Executing Search Test Case...]]>
  </system-out>
  <testcase classname="com.Learning_testing.DependsOnMethods" name="RegisterText" time="0.024"/>
  <system-out>
    <![CDATA[Executing Register Test Case...]]>
  </system-out>
  <testcase classname="com.Learning_testing.DependsOnMethods" name="loginText" time="0.010"/>
  <system-out>
    <![CDATA[Executing Login Test Case...]]>
  </system-out>
</testsuite> <!-- com.Learning_testing.DependsOnMethods -->
