<?xml version="1.0" encoding="UTF-8"?>
<!-- Generated by org.testng.reporters.JUnitReportReporter -->
<testsuite hostname="DESKTOP-13I0GBB" failures="0" tests="2" name="com.Learning_testing.Learning_Data_Provider" time="37.447" errors="0" timestamp="2024-01-27T14:04:09 IST" skipped="0">
  <testcase classname="com.Learning_testing.Learning_Data_Provider" name="loginTest" time="12.518"/>
  <system-out/>
  <testcase classname="com.Learning_testing.Learning_Data_Provider" name="loginTest" time="24.929"/>
  <system-out/>
</testsuite> <!-- com.Learning_testing.Learning_Data_Provider -->
