<?xml version="1.0" encoding="UTF-8"?>
<!-- Generated by org.testng.reporters.JUnitReportReporter -->
<testsuite hostname="DESKTOP-13I0GBB" failures="0" tests="3" name="com.Learning_testing.First_TestNG_Class" time="0.045" errors="0" timestamp="2024-01-20T12:31:36 IST" skipped="0">
  <testcase classname="com.Learning_testing.First_TestNG_Class" name="loginText" time="0.004"/>
  <system-out>
    <![CDATA[Executing Login Test Case...]]>
  </system-out>
  <testcase classname="com.Learning_testing.First_TestNG_Class" name="RegisterText" time="0.036"/>
  <system-out>
    <![CDATA[Executing Register Test Case...]]>
  </system-out>
  <testcase classname="com.Learning_testing.First_TestNG_Class" name="SearchText" time="0.005"/>
  <system-out>
    <![CDATA[Executing Search Test Case...]]>
  </system-out>
</testsuite> <!-- com.Learning_testing.First_TestNG_Class -->
